app/build/intermediates/manifest_merge_blame_file/debug/manifest-merger-blame-debug-report.txt
1<?xml version="1.0" encoding="utf-8"?>
2<manifest xmlns:android="http://schemas.android.com/apk/res/android"
3    package="com.example.android.twoactivities"
4    android:versionCode="1"
5    android:versionName="1.0" >
6
7    <uses-sdk
8        android:minSdkVersion="24"
8-->src\main\AndroidManifest.xml
9        android:targetSdkVersion="29" />
9-->src\main\AndroidManifest.xml
10
11    <application
11-->src\main\AndroidManifest.xml:6:5-26:19
12        android:allowBackup="true"
12-->src\main\AndroidManifest.xml:7:9-35
13        android:appComponentFactory="androidx.core.app.CoreComponentFactory"
13-->[androidx.core:core:1.1.0] AndroidManifest.xml:24:18-86
14        android:debuggable="true"
15        android:extractNativeLibs="false"
16        android:icon="@mipmap/ic_launcher"
16-->src\main\AndroidManifest.xml:8:9-43
17        android:label="@string/app_name"
17-->src\main\AndroidManifest.xml:9:9-41
18        android:roundIcon="@mipmap/ic_launcher_round"
18-->src\main\AndroidManifest.xml:10:9-54
19        android:supportsRtl="true"
19-->src\main\AndroidManifest.xml:11:9-35
20        android:testOnly="true"
21        android:theme="@style/AppTheme" >
21-->src\main\AndroidManifest.xml:12:9-40
22        <activity android:name="com.example.android.twoactivities.MainActivity" >
22-->src\main\AndroidManifest.xml:13:9-18:20
22-->src\main\AndroidManifest.xml:13:19-47
23            <intent-filter>
23-->src\main\AndroidManifest.xml:14:13-17:29
24                <action android:name="android.intent.action.MAIN" />
24-->src\main\AndroidManifest.xml:15:17-69
24-->src\main\AndroidManifest.xml:15:25-66
25
26                <category android:name="android.intent.category.LAUNCHER" />
26-->src\main\AndroidManifest.xml:16:17-77
26-->src\main\AndroidManifest.xml:16:27-74
27            </intent-filter>
28        </activity>
29        <activity
29-->src\main\AndroidManifest.xml:19:9-25:20
30            android:name="com.example.android.twoactivities.SecondActivity"
30-->src\main\AndroidManifest.xml:19:19-49
31            android:label="Second Activity"
31-->src\main\AndroidManifest.xml:20:13-46
32            android:parentActivityName="com.example.android.twoactivities.MainActivity" >
32-->src\main\AndroidManifest.xml:21:13-55
33            <meta-data
33-->src\main\AndroidManifest.xml:22:13-24:49
34                android:name="android.support.PARENT_ACTIVITY"
34-->src\main\AndroidManifest.xml:23:17-63
35                android:value=".MainActivity" />
35-->src\main\AndroidManifest.xml:24:17-46
36        </activity>
37    </application>
38
39</manifest>